\BOOKMARK [1][-]{section.1}{\376\377\000U\000v\000o\000d}{}% 1
\BOOKMARK [1][-]{section.2}{\376\377\000N\000u\000m\000e\000r\000i\001\015\000n\000e\000\040\000m\000e\000t\000o\000d\000e\000\040\000z\000a\000\040\000r\000e\001\141\000e\000v\000a\000n\000j\000e\000\040\000d\000i\000f\000e\000r\000e\000n\000c\000i\000a\000l\000n\000i\000h\000\040\000e\000n\000a\001\015\000b}{}% 2
\BOOKMARK [2][-]{subsection.2.1}{\376\377\000E\000u\000l\000e\000r\000j\000e\000v\000a\000\040\000m\000e\000t\000o\000d\000a}{section.2}% 3
\BOOKMARK [2][-]{subsection.2.2}{\376\377\000H\000e\000u\000n\000o\000v\000a\000\040\000m\000e\000t\000o\000d\000a}{section.2}% 4
\BOOKMARK [2][-]{subsection.2.3}{\376\377\000R\000u\000n\000g\000e\000-\000K\000u\000t\000t\000a\000\040\000m\000e\000t\000o\000d\000a\000\040\0004\000.\000\040\000r\000e\000d\000a}{section.2}% 5
\BOOKMARK [2][-]{subsection.2.4}{\376\377\000V\000e\000r\000l\000e\000t\000o\000v\000a\000\040\000m\000e\000t\000o\000d\000a}{section.2}% 6
\BOOKMARK [2][-]{subsection.2.5}{\376\377\000P\000E\000F\000R\000L\000\040\000m\000e\000t\000o\000d\000a}{section.2}% 7
\BOOKMARK [1][-]{section.3}{\376\377\000M\000e\000t\000o\000d\000o\000l\000o\000g\000i\000j\000a\000\040\000t\000e\000s\000t\000i\000r\000a\000n\000j\000a}{}% 8
\BOOKMARK [2][-]{subsection.3.1}{\376\377\000M\000e\000r\000j\000e\000n\000j\000e\000\040\000n\000i\000h\000a\000j\000n\000e\000g\000a\000\040\001\015\000a\000s\000a}{section.3}% 9
\BOOKMARK [2][-]{subsection.3.2}{\376\377\000S\000p\000r\000e\000m\000l\000j\000a\000n\000j\000e\000\040\000e\000n\000e\000r\000g\000i\000j\000e}{section.3}% 10
\BOOKMARK [2][-]{subsection.3.3}{\376\377\000T\000e\000s\000t\000i\000r\000a\000n\000j\000e\000\040\000s\000t\000a\000b\000i\000l\000n\000o\000s\000t\000i\000\040\000p\000e\000r\000i\000o\000d\000e}{section.3}% 11
\BOOKMARK [1][-]{section.4}{\376\377\000R\000e\000z\000u\000l\000t\000a\000t\000i\000\040\000i\000n\000\040\000a\000n\000a\000l\000i\000z\000a}{}% 12
\BOOKMARK [2][-]{subsection.4.1}{\376\377\000P\000r\000i\000m\000e\000r\000j\000a\000v\000a\000\040\000n\000a\000t\000a\000n\001\015\000n\000o\000s\000t\000i\000\040\000m\000e\000t\000o\000d}{section.4}% 13
\BOOKMARK [2][-]{subsection.4.2}{\376\377\000D\000o\000l\000g\000o\000r\000o\001\015\000n\000a\000\040\000s\000t\000a\000b\000i\000l\000n\000o\000s\000t\000\040\000i\000n\000\040\000o\000h\000r\000a\000n\000j\000a\000n\000j\000e\000\040\000e\000n\000e\000r\000g\000i\000j\000e}{section.4}% 14
\BOOKMARK [2][-]{subsection.4.3}{\376\377\000F\000a\000z\000n\000i\000\040\000p\000o\000r\000t\000r\000e\000t\000i}{section.4}% 15
\BOOKMARK [2][-]{subsection.4.4}{\376\377\000V\000s\000i\000l\000j\000e\000n\000o\000\040\000d\000u\001\141\000e\000n\000o\000\040\000n\000i\000h\000a\000l\000o}{section.4}% 16
\BOOKMARK [2][-]{subsection.4.5}{\376\377\000R\000e\000s\000o\000n\000a\000n\001\015\000n\000e\000\040\000k\000r\000i\000v\000u\000l\000j\000e}{section.4}% 17
\BOOKMARK [2][-]{subsection.4.6}{\376\377\000H\000i\000s\000t\000e\000r\000e\000z\000a}{section.4}% 18
\BOOKMARK [2][-]{subsection.4.7}{\376\377\000V\000a\000n\000\040\000d\000e\000r\000\040\000P\000o\000l\000o\000v\000\040\000o\000s\000c\000i\000l\000a\000t\000o\000r}{section.4}% 19
\BOOKMARK [2][-]{subsection.4.8}{\376\377\000H\000u\000d\000i\001\015\000e\000v\000o\000\040\000s\000t\000o\000p\000n\000i\001\141\001\015\000e}{section.4}% 20
\BOOKMARK [1][-]{section.5}{\376\377\000Z\000a\000k\000l\000j\000u\001\015\000e\000k}{}% 21
