\BOOKMARK [1][-]{section.1}{\376\377\000U\000v\000o\000d}{}% 1
\BOOKMARK [2][-]{subsection.1.1}{\376\377\000O\000s\000n\000o\000v\000e\000\040\000F\000o\000u\000r\000i\000e\000r\000o\000v\000e\000\040\000a\000n\000a\000l\000i\000z\000e}{section.1}% 2
\BOOKMARK [2][-]{subsection.1.2}{\376\377\000N\000y\000q\000u\000i\000s\000t\000o\000v\000\040\000i\000z\000r\000e\000k\000\040\000i\000n\000\040\000a\000l\000i\000a\000s\000i\000n\000g}{section.1}% 3
\BOOKMARK [2][-]{subsection.1.3}{\376\377\000M\000o\001\015\000n\000o\000s\000t\000n\000i\000\040\000s\000p\000e\000k\000t\000e\000r\000\040\000i\000n\000\040\000P\000a\000r\000s\000e\000v\000a\000l\000o\000v\000\040\000i\000z\000r\000e\000k}{section.1}% 4
\BOOKMARK [2][-]{subsection.1.4}{\376\377\000I\000n\000v\000e\000r\000z\000n\000a\000\040\000d\000i\000s\000k\000r\000e\000t\000n\000a\000\040\000F\000o\000u\000r\000i\000e\000r\000o\000v\000a\000\040\000t\000r\000a\000n\000s\000f\000o\000r\000m\000a\000c\000i\000j\000a}{section.1}% 5
\BOOKMARK [1][-]{section.2}{\376\377\000M\000e\000t\000o\000d\000e}{}% 6
\BOOKMARK [2][-]{subsection.2.1}{\376\377\000U\000p\000o\000r\000a\000b\000l\000j\000e\000n\000a\000\040\000o\000r\000o\000d\000j\000a}{section.2}% 7
\BOOKMARK [2][-]{subsection.2.2}{\376\377\000S\000i\000n\000t\000e\000t\000i\001\015\000n\000i\000\040\000s\000i\000g\000n\000a\000l\000i}{section.2}% 8
\BOOKMARK [2][-]{subsection.2.3}{\376\377\000B\000a\000c\000h\000o\000v\000a\000\040\000p\000a\000r\000t\000i\000t\000a}{section.2}% 9
\BOOKMARK [2][-]{subsection.2.4}{\376\377\000S\000i\000g\000n\000a\000l\000i\000\040\000a\000k\000u\000s\000t\000i\001\015\000n\000e\000g\000a\000\040\000r\000e\000s\000o\000n\000a\000t\000o\000r\000j\000a}{section.2}% 10
\BOOKMARK [2][-]{subsection.2.5}{\376\377\000A\000n\000a\000l\000i\000z\000a\000\040\000n\000u\000m\000e\000r\000i\001\015\000n\000e\000\040\000n\000a\000t\000a\000n\001\015\000n\000o\000s\000t\000i}{section.2}% 11
\BOOKMARK [2][-]{subsection.2.6}{\376\377\000A\000n\000a\000l\000i\000z\000a\000\040\000r\000a\001\015\000u\000n\000s\000k\000e\000\040\000k\000o\000m\000p\000l\000e\000k\000s\000n\000o\000s\000t\000i}{section.2}% 12
\BOOKMARK [1][-]{section.3}{\376\377\000R\000e\000z\000u\000l\000t\000a\000t\000i}{}% 13
\BOOKMARK [2][-]{subsection.3.1}{\376\377\000S\000i\000n\000t\000e\000t\000i\001\015\000n\000i\000\040\000s\000i\000g\000n\000a\000l\000i}{section.3}% 14
\BOOKMARK [2][-]{subsection.3.2}{\376\377\000B\000a\000c\000h\000o\000v\000a\000\040\000p\000a\000r\000t\000i\000t\000a\000\040\040\023\000\040\000a\000l\000i\000a\000s\000i\000n\000g\000\040\000p\000r\000i\000\040\000n\000i\001\176\000a\000n\000j\000u\000\040\000v\000z\000o\000r\001\015\000n\000e\000\040\000f\000r\000e\000k\000v\000e\000n\000c\000e}{section.3}% 15
\BOOKMARK [2][-]{subsection.3.3}{\376\377\000S\000i\000g\000n\000a\000l\000i\000\040\000a\000k\000u\000s\000t\000i\001\015\000n\000e\000g\000a\000\040\000r\000e\000s\000o\000n\000a\000t\000o\000r\000j\000a}{section.3}% 16
\BOOKMARK [2][-]{subsection.3.4}{\376\377\000N\000u\000m\000e\000r\000i\001\015\000n\000a\000\040\000n\000a\000t\000a\000n\001\015\000n\000o\000s\000t}{section.3}% 17
\BOOKMARK [2][-]{subsection.3.5}{\376\377\000R\000a\001\015\000u\000n\000s\000k\000a\000\040\000k\000o\000m\000p\000l\000e\000k\000s\000n\000o\000s\000t}{section.3}% 18
\BOOKMARK [1][-]{section.4}{\376\377\000D\000i\000s\000k\000u\000s\000i\000j\000a}{}% 19
\BOOKMARK [2][-]{subsection.4.1}{\376\377\000P\000o\000j\000a\000v\000\040\000a\000l\000i\000a\000s\000i\000n\000g\000a}{section.4}% 20
\BOOKMARK [2][-]{subsection.4.2}{\376\377\000P\000o\000m\000e\000n\000\040\000u\000s\000t\000r\000e\000z\000n\000e\000g\000a\000\040\000v\000z\000o\000r\001\015\000e\000n\000j\000a}{section.4}% 21
\BOOKMARK [2][-]{subsection.4.3}{\376\377\000N\000a\000t\000a\000n\001\015\000n\000o\000s\000t\000\040\000D\000F\000T}{section.4}% 22
\BOOKMARK [2][-]{subsection.4.4}{\376\377\000R\000a\001\015\000u\000n\000s\000k\000a\000\040\000k\000o\000m\000p\000l\000e\000k\000s\000n\000o\000s\000t}{section.4}% 23
\BOOKMARK [2][-]{subsection.4.5}{\376\377\000R\000e\000k\000o\000n\000s\000t\000r\000u\000k\000c\000i\000j\000a}{section.4}% 24
\BOOKMARK [1][-]{section.5}{\376\377\000Z\000a\000k\000l\000j\000u\001\015\000e\000k}{}% 25
