\BOOKMARK [1][-]{section.1}{\376\377\000U\000v\000o\000d}{}% 1
\BOOKMARK [2][-]{subsection.1.1}{\376\377\000P\000r\000o\000b\000l\000e\000m\000\040\000l\000a\000m\000i\000n\000a\000r\000n\000e\000g\000a\000\040\000t\000o\000k\000a\000\040\000v\000\040\000c\000e\000v\000i}{section.1}% 2
\BOOKMARK [2][-]{subsection.1.2}{\376\377\000B\000r\000e\000z\000d\000i\000m\000e\000n\000z\000i\000j\000s\000k\000a\000\040\000f\000o\000r\000m\000u\000l\000a\000c\000i\000j\000a}{section.1}% 3
\BOOKMARK [1][-]{section.2}{\376\377\000G\000a\000l\000e\000r\000k\000i\000n\000o\000v\000a\000\040\000m\000e\000t\000o\000d\000a}{}% 4
\BOOKMARK [2][-]{subsection.2.1}{\376\377\000I\000z\000b\000i\000r\000a\000\040\000b\000a\000z\000i\001\015\000n\000i\000h\000\040\000f\000u\000n\000k\000c\000i\000j}{section.2}% 5
\BOOKMARK [2][-]{subsection.2.2}{\376\377\000S\000i\000s\000t\000e\000m\000\040\000l\000i\000n\000e\000a\000r\000n\000i\000h\000\040\000e\000n\000a\001\015\000b}{section.2}% 6
\BOOKMARK [2][-]{subsection.2.3}{\376\377\000A\000n\000a\000l\000i\000t\000i\001\015\000n\000i\000\040\000i\000z\000r\000a\000z\000i\000\040\000z\000a\000\040\000m\000a\000t\000r\000i\001\015\000n\000e\000\040\000e\000l\000e\000m\000e\000n\000t\000e}{section.2}% 7
\BOOKMARK [1][-]{section.3}{\376\377\000N\000u\000m\000e\000r\000i\001\015\000n\000a\000\040\000i\000m\000p\000l\000e\000m\000e\000n\000t\000a\000c\000i\000j\000a}{}% 8
\BOOKMARK [2][-]{subsection.3.1}{\376\377\000S\000t\000r\000u\000k\000t\000u\000r\000a\000\040\000p\000r\000o\000g\000r\000a\000m\000a}{section.3}% 9
\BOOKMARK [2][-]{subsection.3.2}{\376\377\000R\000e\001\141\000e\000v\000a\000l\000n\000i\000\040\000a\000l\000g\000o\000r\000i\000t\000m\000i}{section.3}% 10
\BOOKMARK [1][-]{section.4}{\376\377\000R\000e\000z\000u\000l\000t\000a\000t\000i}{}% 11
\BOOKMARK [2][-]{subsection.4.1}{\376\377\000K\000o\000n\000v\000e\000r\000g\000e\000n\000c\000a\000\040\000k\000o\000e\000f\000i\000c\000i\000e\000n\000t\000a\000\040\000C}{section.4}% 12
\BOOKMARK [2][-]{subsection.4.2}{\376\377\000P\000r\000o\000f\000i\000l\000\040\000h\000i\000t\000r\000o\000s\000t\000i\000\040\000v\000\040\000c\000e\000v\000i}{section.4}% 13
\BOOKMARK [2][-]{subsection.4.3}{\376\377\000U\001\015\000i\000n\000k\000o\000v\000i\000t\000o\000s\000t\000\040\000a\000l\000g\000o\000r\000i\000t\000m\000o\000v}{section.4}% 14
\BOOKMARK [2][-]{subsection.4.4}{\376\377\000B\000a\000z\000i\001\015\000n\000e\000\040\000f\000u\000n\000k\000c\000i\000j\000e}{section.4}% 15
\BOOKMARK [1][-]{section.5}{\376\377\000D\000i\000s\000k\000u\000s\000i\000j\000a}{}% 16
\BOOKMARK [2][-]{subsection.5.1}{\376\377\000N\000a\000t\000a\000n\001\015\000n\000o\000s\000t\000\040\000i\000n\000\040\000k\000o\000n\000v\000e\000r\000g\000e\000n\000c\000a}{section.5}% 17
\BOOKMARK [2][-]{subsection.5.2}{\376\377\000N\000u\000m\000e\000r\000i\001\015\000n\000e\000\040\000t\000e\001\176\000a\000v\000e}{section.5}% 18
\BOOKMARK [2][-]{subsection.5.3}{\376\377\000O\000p\000t\000i\000m\000i\000z\000a\000c\000i\000j\000e}{section.5}% 19
\BOOKMARK [1][-]{section.6}{\376\377\000Z\000a\000k\000l\000j\000u\001\015\000e\000k}{}% 20
