\BOOKMARK [1][-]{section.1}{\376\377\000U\000v\000o\000d}{}% 1
\BOOKMARK [1][-]{section.2}{\376\377\000T\000e\000o\000r\000e\000t\000i\001\015\000n\000e\000\040\000o\000s\000n\000o\000v\000e}{}% 2
\BOOKMARK [2][-]{subsection.2.1}{\376\377\000N\000e\000s\000k\000o\000n\001\015\000n\000a\000\040\000p\000o\000t\000e\000n\000c\000i\000a\000l\000n\000a\000\040\000j\000a\000m\000a}{section.2}% 3
\BOOKMARK [2][-]{subsection.2.2}{\376\377\000K\000o\000n\001\015\000n\000a\000\040\000p\000o\000t\000e\000n\000c\000i\000a\000l\000n\000a\000\040\000j\000a\000m\000a}{section.2}% 4
\BOOKMARK [2][-]{subsection.2.3}{\376\377\000P\000r\000o\000b\000l\000e\000m\000\040\001\015\000e\000t\000r\000t\000e\000g\000a\000\040\000r\000e\000d\000a}{section.2}% 5
\BOOKMARK [2][-]{subsection.2.4}{\376\377\000N\000u\000m\000e\000r\000i\001\015\000n\000e\000\040\000m\000e\000t\000o\000d\000e}{section.2}% 6
\BOOKMARK [3][-]{subsubsection.2.4.1}{\376\377\000D\000i\000f\000e\000r\000e\000n\001\015\000n\000a\000\040\000m\000e\000t\000o\000d\000a}{subsection.2.4}% 7
\BOOKMARK [3][-]{subsubsection.2.4.2}{\376\377\000S\000t\000r\000e\000l\000s\000k\000a\000\040\000m\000e\000t\000o\000d\000a}{subsection.2.4}% 8
\BOOKMARK [1][-]{section.3}{\376\377\000R\000e\000z\000u\000l\000t\000a\000t\000i\000\040\000i\000n\000\040\000a\000n\000a\000l\000i\000z\000a}{}% 9
\BOOKMARK [2][-]{subsection.3.1}{\376\377\000P\000r\000i\000m\000e\000r\000j\000a\000v\000a\000\040\000v\000a\000l\000o\000v\000n\000i\000h\000\040\000f\000u\000n\000k\000c\000i\000j}{section.3}% 10
\BOOKMARK [2][-]{subsection.3.2}{\376\377\000K\000o\000n\001\015\000n\000a\000\040\000p\000o\000t\000e\000n\000c\000i\000a\000l\000n\000a\000\040\000j\000a\000m\000a}{section.3}% 11
\BOOKMARK [2][-]{subsection.3.3}{\376\377\000A\000n\000a\000l\000i\000z\000a\000\040\000k\000o\000n\000v\000e\000r\000g\000e\000n\000c\000e\000\040\000d\000i\000f\000e\000r\000e\000n\001\015\000n\000e\000\040\000m\000e\000t\000o\000d\000e}{section.3}% 12
\BOOKMARK [2][-]{subsection.3.4}{\376\377\000P\000r\000i\000m\000e\000r\000j\000a\000v\000a\000\040\000e\000n\000e\000r\000g\000i\000j\000s\000k\000i\000h\000\040\000s\000p\000e\000k\000t\000r\000o\000v}{section.3}% 13
\BOOKMARK [2][-]{subsection.3.5}{\376\377\000P\000r\000o\000b\000l\000e\000m\000\040\001\015\000e\000t\000r\000t\000e\000g\000a\000\040\000r\000e\000d\000a}{section.3}% 14
\BOOKMARK [2][-]{subsection.3.6}{\376\377\000A\000n\000a\000l\000i\000z\000a\000\040\000n\000a\000p\000a\000k\000\040\000z\000a\000\040\000r\000a\000z\000l\000i\001\015\000n\000a\000\040\000s\000t\000a\000n\000j\000a}{section.3}% 15
\BOOKMARK [2][-]{subsection.3.7}{\376\377\000P\000r\000i\000m\000e\000r\000j\000a\000v\000a\000\040\000m\000e\000t\000o\000d}{section.3}% 16
\BOOKMARK [1][-]{section.4}{\376\377\000T\000a\000b\000e\000l\000a\000r\000n\000i\000\040\000p\000r\000e\000g\000l\000e\000d\000\040\000r\000e\000z\000u\000l\000t\000a\000t\000o\000v}{}% 17
\BOOKMARK [2][-]{subsection.4.1}{\376\377\000N\000e\000s\000k\000o\000n\001\015\000n\000a\000\040\000p\000o\000t\000e\000n\000c\000i\000a\000l\000n\000a\000\040\000j\000a\000m\000a}{section.4}% 18
\BOOKMARK [2][-]{subsection.4.2}{\376\377\000K\000o\000n\001\015\000n\000a\000\040\000p\000o\000t\000e\000n\000c\000i\000a\000l\000n\000a\000\040\000j\000a\000m\000a\000\040\000\050\000V\0000\000=\0001\0000\0000\000\051}{section.4}% 19
\BOOKMARK [2][-]{subsection.4.3}{\376\377\000P\000r\000o\000b\000l\000e\000m\000\040\001\015\000e\000t\000r\000t\000e\000g\000a\000\040\000r\000e\000d\000a}{section.4}% 20
\BOOKMARK [1][-]{section.5}{\376\377\000A\000n\000a\000l\000i\000z\000a\000\040\000s\000i\000s\000t\000e\000m\000a\000t\000i\001\015\000n\000e\000\040\000n\000a\000p\000a\000k\000e}{}% 21
\BOOKMARK [2][-]{subsection.5.1}{\376\377\000P\000o\000t\000r\000d\000i\000t\000e\000v\000\040\000s\000\040\000s\000t\000r\000e\000l\000s\000k\000o\000\040\000m\000e\000t\000o\000d\000o}{section.5}% 22
\BOOKMARK [1][-]{section.6}{\376\377\000Z\000a\000k\000l\000j\000u\001\015\000e\000k}{}% 23
\BOOKMARK [2][-]{subsection.6.1}{\376\377\000P\000r\000a\000k\000t\000i\001\015\000n\000e\000\040\000p\000r\000i\000p\000o\000r\000o\001\015\000i\000l\000a}{section.6}% 24
\BOOKMARK [2][-]{subsection.6.2}{\376\377\000P\000o\000t\000\040\000z\000a\000\040\000n\000a\000p\000r\000e\000j}{section.6}% 25
